c:\users\rcaji\source\repos\pw_manager\pw_manager\debug\vc141.pdb
c:\users\rcaji\source\repos\pw_manager\pw_manager\debug\second_form.obj
c:\users\rcaji\source\repos\pw_manager\pw_manager\debug\pw_manager.obj
c:\users\rcaji\source\repos\pw_manager\pw_manager\debug\main_form.obj
c:\users\rcaji\source\repos\pw_manager\pw_manager\debug\assemblyinfo.obj
c:\users\rcaji\source\repos\pw_manager\pw_manager\debug\.netframework,version=v4.6.1.assemblyattributes.obj
c:\users\rcaji\source\repos\pw_manager\pw_manager\debug\.netframework,version=v4.6.1.assemblyattributes.asm
c:\users\rcaji\source\repos\pw_manager\debug\pw_manager.exe
c:\users\rcaji\source\repos\pw_manager\debug\pw_manager.pdb
c:\users\rcaji\source\repos\pw_manager\pw_manager\debug\pw_manager.main_form.resources
c:\users\rcaji\source\repos\pw_manager\pw_manager\debug\app.res
c:\users\rcaji\source\repos\pw_manager\pw_manager\debug\pw_manager.vcxproj.generateresource.cache
c:\users\rcaji\source\repos\pw_manager\pw_manager\debug\pw_manager.vcxprojresolveassemblyreference.cache
c:\users\rcaji\source\repos\pw_manager\pw_manager\debug\pw_manager.tlog\cl.command.1.tlog
c:\users\rcaji\source\repos\pw_manager\pw_manager\debug\pw_manager.tlog\cl.read.1.tlog
c:\users\rcaji\source\repos\pw_manager\pw_manager\debug\pw_manager.tlog\cl.write.1.tlog
c:\users\rcaji\source\repos\pw_manager\pw_manager\debug\pw_manager.tlog\link.command.1.tlog
c:\users\rcaji\source\repos\pw_manager\pw_manager\debug\pw_manager.tlog\link.read.1.tlog
c:\users\rcaji\source\repos\pw_manager\pw_manager\debug\pw_manager.tlog\link.write.1.tlog
c:\users\rcaji\source\repos\pw_manager\pw_manager\debug\pw_manager.tlog\metagen.read.1.tlog
c:\users\rcaji\source\repos\pw_manager\pw_manager\debug\pw_manager.tlog\metagen.write.1.tlog
c:\users\rcaji\source\repos\pw_manager\pw_manager\debug\pw_manager.tlog\pw_manager.write.1u.tlog
c:\users\rcaji\source\repos\pw_manager\pw_manager\debug\pw_manager.tlog\rc.command.1.tlog
c:\users\rcaji\source\repos\pw_manager\pw_manager\debug\pw_manager.tlog\rc.read.1.tlog
c:\users\rcaji\source\repos\pw_manager\pw_manager\debug\pw_manager.tlog\rc.write.1.tlog
c:\users\rcaji\source\repos\pw_manager\pw_manager\debug\pw_manager.tlog\tzres.dll.bi
